{"level":"info","message":"datbse suceessfully connected","timestamp":"2025-02-03T07:03:50.261Z"}
{"level":"info","message":"datbse suceessfully connected","timestamp":"2025-02-03T07:07:19.522Z"}
{"level":"info","message":"datbse suceessfully connected","timestamp":"2025-02-03T07:07:25.951Z"}
{"level":"info","message":"datbse suceessfully connected","timestamp":"2025-02-03T07:07:36.410Z"}
{"level":"info","message":"datbse suceessfully connected","timestamp":"2025-02-03T07:07:39.593Z"}
{"level":"info","message":"datbse suceessfully connected","timestamp":"2025-02-03T07:07:41.785Z"}
{"level":"info","message":"datbse suceessfully connected","timestamp":"2025-02-03T07:08:04.930Z"}
{"level":"info","message":"datbse suceessfully connected","timestamp":"2025-02-03T07:08:53.349Z"}
{"level":"info","message":"datbse suceessfully connected","timestamp":"2025-02-03T07:09:01.595Z"}
{"level":"info","message":"datbse suceessfully connected","timestamp":"2025-02-03T07:09:04.677Z"}
{"level":"info","message":"datbse suceessfully connected","timestamp":"2025-02-03T07:09:07.342Z"}
{"level":"info","message":"datbse suceessfully connected","timestamp":"2025-02-03T07:09:24.922Z"}
{"level":"info","message":"datbse suceessfully connected","timestamp":"2025-02-03T07:09:32.901Z"}
{"level":"info","message":"datbse suceessfully connected","timestamp":"2025-02-03T07:09:34.318Z"}
{"level":"info","message":"datbse suceessfully connected","timestamp":"2025-02-03T07:09:46.350Z"}
{"level":"info","message":"datbse suceessfully connected","timestamp":"2025-02-03T07:10:06.177Z"}
{"level":"info","message":"datbse suceessfully connected","timestamp":"2025-02-03T07:10:09.011Z"}
{"level":"info","message":"datbse suceessfully connected","timestamp":"2025-02-03T07:10:11.908Z"}
{"level":"info","message":"datbse suceessfully connected","timestamp":"2025-02-03T07:10:13.429Z"}
{"level":"info","message":"datbse suceessfully connected","timestamp":"2025-02-03T07:10:17.743Z"}
{"level":"info","message":"datbse suceessfully connected","timestamp":"2025-02-03T07:10:21.271Z"}
{"level":"info","message":"datbse suceessfully connected","timestamp":"2025-02-03T07:10:28.556Z"}
{"level":"info","message":"datbse suceessfully connected","timestamp":"2025-02-03T07:10:29.751Z"}
{"level":"info","message":"datbse suceessfully connected","timestamp":"2025-02-03T07:10:36.140Z"}
{"level":"info","message":"datbse suceessfully connected","timestamp":"2025-02-03T07:10:39.294Z"}
{"level":"info","message":"datbse suceessfully connected","timestamp":"2025-02-03T07:10:51.825Z"}
{"level":"info","message":"datbse suceessfully connected","timestamp":"2025-02-03T07:11:01.432Z"}
{"level":"info","message":"datbse suceessfully connected","timestamp":"2025-02-03T07:11:13.626Z"}
{"level":"info","message":"datbse suceessfully connected","timestamp":"2025-02-03T07:11:24.594Z"}
{"level":"info","message":"datbse suceessfully connected","timestamp":"2025-02-03T07:11:28.803Z"}
{"level":"info","message":"datbse suceessfully connected","timestamp":"2025-02-03T07:11:33.763Z"}
{"level":"info","message":"datbse suceessfully connected","timestamp":"2025-02-03T07:11:37.823Z"}
{"level":"info","message":"datbse suceessfully connected","timestamp":"2025-02-03T07:18:21.534Z"}
{"level":"info","message":"datbse suceessfully connected","timestamp":"2025-02-03T09:07:21.389Z"}
{"level":"info","message":"datbse suceessfully connected","timestamp":"2025-02-03T09:07:45.535Z"}
{"level":"info","message":"datbse suceessfully connected","timestamp":"2025-02-03T09:11:00.545Z"}
{"level":"info","message":"datbse suceessfully connected","timestamp":"2025-02-03T09:11:28.413Z"}
{"level":"info","message":"datbse suceessfully connected","timestamp":"2025-02-03T09:12:22.028Z"}
{"level":"info","message":"datbse suceessfully connected","timestamp":"2025-02-03T09:12:23.313Z"}
{"level":"info","message":"datbse suceessfully connected","timestamp":"2025-02-03T09:12:41.515Z"}
{"level":"info","message":"datbse suceessfully connected","timestamp":"2025-02-03T09:20:18.179Z"}
{"level":"info","message":"datbse suceessfully connected","timestamp":"2025-02-03T09:20:22.642Z"}
{"level":"info","message":"datbse suceessfully connected","timestamp":"2025-02-03T09:20:26.942Z"}
{"level":"info","message":"datbse suceessfully connected","timestamp":"2025-02-03T09:20:31.430Z"}
{"level":"info","message":"new user trying to register","timestamp":"2025-02-03T09:20:54.679Z"}
{"level":"info","message":"user email sanket@gmail.com uploaded image to cloudinaey result: [object Object]","timestamp":"2025-02-03T09:20:56.206Z"}
{"level":"info","message":"datbse suceessfully connected","timestamp":"2025-02-03T09:21:16.309Z"}
{"level":"info","message":"new user trying to register","timestamp":"2025-02-03T09:21:18.756Z"}
{"level":"info","message":"user email sanket@gmail.com uploaded image to cloudinaey result: [object Object]","timestamp":"2025-02-03T09:21:20.294Z"}
{"level":"info","message":"datbse suceessfully connected","timestamp":"2025-02-03T09:21:44.003Z"}
{"level":"info","message":"new user trying to register","timestamp":"2025-02-03T09:21:46.154Z"}
{"level":"info","message":"user email sanket@gmail.com uploaded image to cloudinaey result: [object Object]","timestamp":"2025-02-03T09:21:48.066Z"}
{"level":"info","message":"user sanket@gmail.com registered successfully","timestamp":"2025-02-03T09:21:48.305Z"}
{"level":"info","message":"datbse suceessfully connected","timestamp":"2025-02-03T09:26:11.674Z"}
{"level":"info","message":"datbse suceessfully connected","timestamp":"2025-02-03T09:26:13.978Z"}
{"level":"info","message":"datbse suceessfully connected","timestamp":"2025-02-03T09:26:16.241Z"}
{"level":"info","message":"datbse suceessfully connected","timestamp":"2025-02-03T09:26:18.822Z"}
{"level":"info","message":"datbse suceessfully connected","timestamp":"2025-02-03T09:26:23.511Z"}
{"level":"info","message":"datbse suceessfully connected","timestamp":"2025-02-03T09:26:26.264Z"}
{"level":"info","message":"new user trying to register","timestamp":"2025-02-03T09:26:29.109Z"}
{"level":"info","message":"user email sanket@gmail.com already exists","timestamp":"2025-02-03T09:26:29.174Z"}
{"level":"info","message":"datbse suceessfully connected","timestamp":"2025-02-03T09:31:41.199Z"}
{"level":"info","message":"new user trying to register","timestamp":"2025-02-03T09:31:43.866Z"}
{"level":"info","message":"user email sanket@gmail.com already exists","timestamp":"2025-02-03T09:31:43.942Z"}
{"level":"info","message":"datbse suceessfully connected","timestamp":"2025-02-03T09:31:52.171Z"}
{"level":"info","message":"datbse suceessfully connected","timestamp":"2025-02-03T09:34:40.930Z"}
{"level":"info","message":"datbse suceessfully connected","timestamp":"2025-02-03T09:34:42.933Z"}
{"level":"info","message":"datbse suceessfully connected","timestamp":"2025-02-03T09:34:44.768Z"}
{"level":"info","message":"datbse suceessfully connected","timestamp":"2025-02-03T09:34:48.135Z"}
{"level":"info","message":"datbse suceessfully connected","timestamp":"2025-02-03T09:34:50.369Z"}
{"level":"info","message":"datbse suceessfully connected","timestamp":"2025-02-03T09:34:52.343Z"}
{"level":"info","message":"datbse suceessfully connected","timestamp":"2025-02-03T09:34:56.680Z"}
{"level":"info","message":"new user trying to register","timestamp":"2025-02-03T09:34:59.332Z"}
{"level":"info","message":"user email sanket@gmail.com already exists","timestamp":"2025-02-03T09:34:59.396Z"}
{"level":"info","message":"datbse suceessfully connected","timestamp":"2025-02-03T09:36:19.580Z"}
{"level":"info","message":"new user trying to register","timestamp":"2025-02-03T09:37:18.992Z"}
{"level":"info","message":"user email sanket@gmail.com already exists","timestamp":"2025-02-03T09:37:19.051Z"}
{"level":"info","message":"new user trying to register","timestamp":"2025-02-03T09:37:36.342Z"}
{"level":"info","message":"user email sanket1@gmail.com uploaded image to cloudinaey result: [object Object]","timestamp":"2025-02-03T09:37:37.867Z"}
{"level":"info","message":"user sanket1@gmail.com registered successfully","timestamp":"2025-02-03T09:37:38.105Z"}
{"level":"info","message":"datbse suceessfully connected","timestamp":"2025-02-03T09:37:56.472Z"}
{"level":"info","message":"new user trying to register","timestamp":"2025-02-03T09:38:03.865Z"}
{"level":"info","message":"user email sanket@gmail.com already exists","timestamp":"2025-02-03T09:38:03.918Z"}
{"level":"info","message":"new user trying to register","timestamp":"2025-02-03T09:38:08.838Z"}
{"level":"info","message":"user email sanket1@gmail.com already exists","timestamp":"2025-02-03T09:38:08.878Z"}
{"level":"info","message":"new user trying to register","timestamp":"2025-02-03T09:38:24.501Z"}
{"level":"info","message":"user email sanket100@gmail.com uploaded image to cloudinaey result: [object Object]","timestamp":"2025-02-03T09:38:25.958Z"}
{"level":"info","message":"user sanket100@gmail.com registered successfully","timestamp":"2025-02-03T09:38:26.193Z"}
{"level":"info","message":"datbse suceessfully connected","timestamp":"2025-02-03T09:38:38.104Z"}
{"level":"info","message":"new user trying to register","timestamp":"2025-02-03T09:38:38.454Z"}
{"level":"info","message":"user email sanket100@gmail.com already exists","timestamp":"2025-02-03T09:38:39.012Z"}
{"level":"info","message":"new user trying to register","timestamp":"2025-02-03T09:38:41.320Z"}
{"level":"info","message":"user email sanket100@gmail.com already exists","timestamp":"2025-02-03T09:38:41.361Z"}
{"level":"info","message":"new user trying to register","timestamp":"2025-02-03T09:46:14.701Z"}
{"level":"info","message":"new user trying to register","timestamp":"2025-02-03T09:49:42.208Z"}
{"level":"info","message":"user email sanket101@gmail.com uploaded image to cloudinaey result: [object Object]","timestamp":"2025-02-03T09:49:44.792Z"}
{"level":"info","message":"user sanket101@gmail.com registered successfully","timestamp":"2025-02-03T09:49:45.025Z"}
{"level":"info","message":"datbse suceessfully connected","timestamp":"2025-02-03T09:50:49.511Z"}
{"level":"info","message":"new user trying to register","timestamp":"2025-02-03T09:50:52.757Z"}
{"level":"info","message":"user email sanket101@gmail.com already exists","timestamp":"2025-02-03T09:50:52.819Z"}
{"level":"info","message":"new user trying to register","timestamp":"2025-02-03T09:51:04.059Z"}
{"level":"info","message":"user email sanket102@gmail.com uploaded image to cloudinaey result: [object Object]","timestamp":"2025-02-03T09:51:05.445Z"}
{"level":"info","message":"user sanket102@gmail.com registered successfully","timestamp":"2025-02-03T09:51:05.679Z"}
{"level":"info","message":"datbse suceessfully connected","timestamp":"2025-02-03T09:51:37.363Z"}
{"level":"info","message":"datbse suceessfully connected","timestamp":"2025-02-03T09:51:47.433Z"}
{"level":"info","message":"new user trying to register","timestamp":"2025-02-03T09:51:50.369Z"}
{"level":"info","message":"Duplicate User Found","timestamp":"2025-02-03T09:51:50.412Z"}
{"level":"info","message":"user email sanket102@gmail.com already exists","timestamp":"2025-02-03T09:51:50.412Z"}
{"level":"info","message":"datbse suceessfully connected","timestamp":"2025-02-03T09:52:13.000Z"}
{"level":"info","message":"new user trying to register","timestamp":"2025-02-03T09:52:17.324Z"}
{"level":"info","message":"user email sanket202@gmail.com uploaded image to cloudinaey result: [object Object]","timestamp":"2025-02-03T09:52:18.672Z"}
{"level":"info","message":"user sanket202@gmail.com registered successfully","timestamp":"2025-02-03T09:52:18.907Z"}
{"level":"info","message":"datbse suceessfully connected","timestamp":"2025-02-03T09:54:10.318Z"}
{"level":"info","message":"datbse suceessfully connected","timestamp":"2025-02-03T09:54:11.676Z"}
{"level":"info","message":"new user trying to register","timestamp":"2025-02-03T09:54:18.691Z"}
{"level":"info","message":"user email sanket103@gmail.com uploaded image to cloudinaey result: [object Object]","timestamp":"2025-02-03T09:54:20.101Z"}
{"level":"info","message":"user sanket103@gmail.com registered successfully","timestamp":"2025-02-03T09:54:20.342Z"}
{"level":"info","message":"datbse suceessfully connected","timestamp":"2025-02-03T09:54:31.988Z"}
{"level":"info","message":"datbse suceessfully connected","timestamp":"2025-02-03T09:55:39.377Z"}
{"level":"info","message":"datbse suceessfully connected","timestamp":"2025-02-03T09:55:53.167Z"}
{"level":"info","message":"datbse suceessfully connected","timestamp":"2025-02-03T09:56:07.117Z"}
{"level":"info","message":"datbse suceessfully connected","timestamp":"2025-02-03T09:56:11.197Z"}
{"level":"info","message":"datbse suceessfully connected","timestamp":"2025-02-03T09:56:18.242Z"}
{"level":"info","message":"datbse suceessfully connected","timestamp":"2025-02-03T09:56:23.222Z"}
{"level":"info","message":"new user trying to register","timestamp":"2025-02-03T09:56:49.977Z"}
{"level":"info","message":"user email sanket103@gmail.com uploaded image to cloudinaey result: [object Object]","timestamp":"2025-02-03T09:56:51.861Z"}
{"level":"info","message":"user sanket103@gmail.com registered successfully","timestamp":"2025-02-03T09:56:52.113Z"}
{"level":"info","message":"datbse suceessfully connected","timestamp":"2025-02-03T09:58:19.347Z"}
{"level":"info","message":"datbse suceessfully connected","timestamp":"2025-02-03T09:58:54.410Z"}
{"level":"info","message":"datbse suceessfully connected","timestamp":"2025-02-03T09:59:05.834Z"}
{"level":"info","message":"new user trying to register","timestamp":"2025-02-03T09:59:13.866Z"}
{"level":"info","message":"user email sanket104@gmail.com uploaded image to cloudinaey result: [object Object]","timestamp":"2025-02-03T09:59:15.737Z"}
{"level":"info","message":"user sanket104@gmail.com registered successfully","timestamp":"2025-02-03T09:59:15.976Z"}
{"level":"info","message":"datbse suceessfully connected","timestamp":"2025-02-03T09:59:38.936Z"}
{"level":"info","message":"datbse suceessfully connected","timestamp":"2025-02-03T10:01:47.099Z"}
{"level":"info","message":"datbse suceessfully connected","timestamp":"2025-02-03T10:01:50.930Z"}
{"level":"info","message":"datbse suceessfully connected","timestamp":"2025-02-03T10:01:55.456Z"}
{"level":"info","message":"datbse suceessfully connected","timestamp":"2025-02-03T10:02:04.408Z"}
{"level":"info","message":"datbse suceessfully connected","timestamp":"2025-02-03T10:02:44.725Z"}
{"level":"info","message":"datbse suceessfully connected","timestamp":"2025-02-03T10:03:00.084Z"}
{"level":"info","message":"datbse suceessfully connected","timestamp":"2025-02-03T10:03:05.815Z"}
{"level":"info","message":"datbse suceessfully connected","timestamp":"2025-02-03T10:03:07.247Z"}
{"level":"info","message":"datbse suceessfully connected","timestamp":"2025-02-03T10:03:19.725Z"}
{"level":"info","message":"datbse suceessfully connected","timestamp":"2025-02-03T10:03:28.173Z"}
{"level":"info","message":"datbse suceessfully connected","timestamp":"2025-02-03T10:03:37.545Z"}
{"level":"info","message":"datbse suceessfully connected","timestamp":"2025-02-03T10:03:50.963Z"}
{"level":"info","message":"datbse suceessfully connected","timestamp":"2025-02-03T10:04:14.693Z"}
{"level":"info","message":"datbse suceessfully connected","timestamp":"2025-02-03T10:04:20.166Z"}
{"level":"info","message":"datbse suceessfully connected","timestamp":"2025-02-03T10:04:25.480Z"}
{"level":"info","message":"datbse suceessfully connected","timestamp":"2025-02-03T10:05:37.088Z"}
{"level":"info","message":"datbse suceessfully connected","timestamp":"2025-02-03T10:05:40.562Z"}
{"level":"info","message":"datbse suceessfully connected","timestamp":"2025-02-03T10:07:08.253Z"}
{"level":"info","message":"datbse suceessfully connected","timestamp":"2025-02-03T10:07:10.674Z"}
{"level":"info","message":"datbse suceessfully connected","timestamp":"2025-02-03T10:07:14.842Z"}
{"level":"info","message":"datbse suceessfully connected","timestamp":"2025-02-03T10:07:28.192Z"}
{"level":"info","message":"datbse suceessfully connected","timestamp":"2025-02-03T10:07:47.228Z"}
{"level":"info","message":"datbse suceessfully connected","timestamp":"2025-02-03T10:07:50.575Z"}
{"level":"info","message":"datbse suceessfully connected","timestamp":"2025-02-03T10:07:54.057Z"}
{"level":"info","message":"datbse suceessfully connected","timestamp":"2025-02-03T10:07:57.807Z"}
{"level":"info","message":"datbse suceessfully connected","timestamp":"2025-02-03T10:08:00.488Z"}
{"level":"info","message":"datbse suceessfully connected","timestamp":"2025-02-03T10:08:05.827Z"}
{"level":"info","message":"datbse suceessfully connected","timestamp":"2025-02-03T10:08:08.999Z"}
{"level":"info","message":"datbse suceessfully connected","timestamp":"2025-02-03T10:08:11.503Z"}
{"level":"info","message":"logging in user with email sanket@gmail.com","timestamp":"2025-02-03T10:08:45.919Z"}
{"level":"info","message":"datbse suceessfully connected","timestamp":"2025-02-03T10:09:09.056Z"}
{"level":"info","message":"datbse suceessfully connected","timestamp":"2025-02-03T10:09:32.509Z"}
{"level":"info","message":"datbse suceessfully connected","timestamp":"2025-02-03T10:09:35.688Z"}
{"level":"info","message":"logging in user with email sanket@gmail.com","timestamp":"2025-02-03T10:09:39.627Z"}
{"level":"info","message":"user found {\"_id\":\"67a08aac0e7f8cc0305778de\",\"name\":\"sanket\",\"email\":\"sanket@gmail.com\",\"dob\":\"1999-12-31T18:30:00.000Z\",\"image\":\"https://res.cloudinary.com/ddodvrq4x/image/upload/v1738574508/toDoList/users/1738574506151.jpg\",\"verified\":false,\"createdAt\":\"2025-02-03T09:21:48.312Z\",\"updatedAt\":\"2025-02-03T09:21:48.312Z\",\"__v\":0}","timestamp":"2025-02-03T10:09:39.695Z"}
{"level":"info","message":"datbse suceessfully connected","timestamp":"2025-02-03T10:10:11.411Z"}
{"level":"info","message":"logging in user with email sanket@gmail.com","timestamp":"2025-02-03T10:10:38.058Z"}
{"level":"info","message":"user found {\n  _id: new ObjectId('67a08aac0e7f8cc0305778de'),\n  name: 'sanket',\n  email: 'sanket@gmail.com',\n  dob: 1999-12-31T18:30:00.000Z,\n  image: 'https://res.cloudinary.com/ddodvrq4x/image/upload/v1738574508/toDoList/users/1738574506151.jpg',\n  verified: false,\n  createdAt: 2025-02-03T09:21:48.312Z,\n  updatedAt: 2025-02-03T09:21:48.312Z,\n  __v: 0\n}","timestamp":"2025-02-03T10:10:38.105Z"}
{"level":"info","message":"datbse suceessfully connected","timestamp":"2025-02-03T10:10:56.788Z"}
{"level":"info","message":"datbse suceessfully connected","timestamp":"2025-02-03T10:10:58.944Z"}
{"level":"info","message":"datbse suceessfully connected","timestamp":"2025-02-03T10:11:01.040Z"}
{"level":"info","message":"datbse suceessfully connected","timestamp":"2025-02-03T10:11:04.710Z"}
{"level":"info","message":"datbse suceessfully connected","timestamp":"2025-02-03T10:11:11.725Z"}
{"level":"info","message":"logging in user with email sanket@gmail.com","timestamp":"2025-02-03T10:11:15.699Z"}
{"level":"info","message":"user found {\n  _id: new ObjectId('67a08aac0e7f8cc0305778de'),\n  name: 'sanket',\n  email: 'sanket@gmail.com',\n  dob: 1999-12-31T18:30:00.000Z,\n  image: 'https://res.cloudinary.com/ddodvrq4x/image/upload/v1738574508/toDoList/users/1738574506151.jpg',\n  verified: false,\n  createdAt: 2025-02-03T09:21:48.312Z,\n  updatedAt: 2025-02-03T09:21:48.312Z,\n  __v: 0\n}","timestamp":"2025-02-03T10:11:15.775Z"}
{"level":"info","message":"datbse suceessfully connected","timestamp":"2025-02-03T10:11:54.211Z"}
{"level":"info","message":"logging in user with email sanket@gmail.com","timestamp":"2025-02-03T10:11:57.748Z"}
{"level":"info","message":"user found {\n  _id: new ObjectId('67a08aac0e7f8cc0305778de'),\n  name: 'sanket',\n  email: 'sanket@gmail.com',\n  dob: 1999-12-31T18:30:00.000Z,\n  password: '$2b$12$HALVPptSndk.QmiiMD3.ceTAsBMHfN0nlyk6g.nEJtj8uGF5Yk/5.',\n  image: 'https://res.cloudinary.com/ddodvrq4x/image/upload/v1738574508/toDoList/users/1738574506151.jpg',\n  verified: false,\n  createdAt: 2025-02-03T09:21:48.312Z,\n  updatedAt: 2025-02-03T09:21:48.312Z,\n  __v: 0\n}","timestamp":"2025-02-03T10:11:57.817Z"}
{"level":"info","message":"incorrect password for user with email sanket@gmail.com","timestamp":"2025-02-03T10:11:58.135Z"}
{"level":"info","message":"datbse suceessfully connected","timestamp":"2025-02-03T10:12:42.423Z"}
{"level":"info","message":"datbse suceessfully connected","timestamp":"2025-02-03T10:12:59.609Z"}
{"level":"info","message":"datbse suceessfully connected","timestamp":"2025-02-03T10:13:03.706Z"}
{"level":"info","message":"datbse suceessfully connected","timestamp":"2025-02-03T10:13:05.047Z"}
{"level":"info","message":"datbse suceessfully connected","timestamp":"2025-02-03T10:13:07.564Z"}
{"level":"info","message":"logging in user with email sanket@gmail.com","timestamp":"2025-02-03T10:13:11.287Z"}
{"level":"info","message":"user found {\n  _id: new ObjectId('67a08aac0e7f8cc0305778de'),\n  name: 'sanket',\n  email: 'sanket@gmail.com',\n  dob: 1999-12-31T18:30:00.000Z,\n  password: '$2b$12$HALVPptSndk.QmiiMD3.ceTAsBMHfN0nlyk6g.nEJtj8uGF5Yk/5.',\n  image: 'https://res.cloudinary.com/ddodvrq4x/image/upload/v1738574508/toDoList/users/1738574506151.jpg',\n  verified: false,\n  createdAt: 2025-02-03T09:21:48.312Z,\n  updatedAt: 2025-02-03T09:21:48.312Z,\n  __v: 0\n}","timestamp":"2025-02-03T10:13:11.364Z"}
{"level":"info","message":"incorrect password for user with email sanket@gmail.com","timestamp":"2025-02-03T10:13:11.659Z"}
{"level":"info","message":"logging in user with email sanket@gmail.com","timestamp":"2025-02-03T10:13:26.514Z"}
{"level":"info","message":"user found {\n  _id: new ObjectId('67a08aac0e7f8cc0305778de'),\n  name: 'sanket',\n  email: 'sanket@gmail.com',\n  dob: 1999-12-31T18:30:00.000Z,\n  password: '$2b$12$HALVPptSndk.QmiiMD3.ceTAsBMHfN0nlyk6g.nEJtj8uGF5Yk/5.',\n  image: 'https://res.cloudinary.com/ddodvrq4x/image/upload/v1738574508/toDoList/users/1738574506151.jpg',\n  verified: false,\n  createdAt: 2025-02-03T09:21:48.312Z,\n  updatedAt: 2025-02-03T09:21:48.312Z,\n  __v: 0\n}","timestamp":"2025-02-03T10:13:26.577Z"}
{"level":"info","message":"datbse suceessfully connected","timestamp":"2025-02-03T10:13:45.181Z"}
{"level":"info","message":"datbse suceessfully connected","timestamp":"2025-02-03T10:13:51.890Z"}
{"level":"info","message":"datbse suceessfully connected","timestamp":"2025-02-03T10:14:31.281Z"}
{"level":"info","message":"datbse suceessfully connected","timestamp":"2025-02-03T10:14:33.941Z"}
{"level":"info","message":"logging in user with email sanket@gmail.com","timestamp":"2025-02-03T10:14:38.754Z"}
{"level":"info","message":"user found {\n  _id: new ObjectId('67a08aac0e7f8cc0305778de'),\n  name: 'sanket',\n  email: 'sanket@gmail.com',\n  dob: 1999-12-31T18:30:00.000Z,\n  password: '$2b$12$HALVPptSndk.QmiiMD3.ceTAsBMHfN0nlyk6g.nEJtj8uGF5Yk/5.',\n  image: 'https://res.cloudinary.com/ddodvrq4x/image/upload/v1738574508/toDoList/users/1738574506151.jpg',\n  verified: false,\n  createdAt: 2025-02-03T09:21:48.312Z,\n  updatedAt: 2025-02-03T09:21:48.312Z,\n  __v: 0\n}","timestamp":"2025-02-03T10:14:40.152Z"}
{"level":"info","message":"logging in user with email sanket@gmail.com","timestamp":"2025-02-03T10:14:50.601Z"}
{"level":"info","message":"user found {\n  _id: new ObjectId('67a08aac0e7f8cc0305778de'),\n  name: 'sanket',\n  email: 'sanket@gmail.com',\n  dob: 1999-12-31T18:30:00.000Z,\n  password: '$2b$12$HALVPptSndk.QmiiMD3.ceTAsBMHfN0nlyk6g.nEJtj8uGF5Yk/5.',\n  image: 'https://res.cloudinary.com/ddodvrq4x/image/upload/v1738574508/toDoList/users/1738574506151.jpg',\n  verified: false,\n  createdAt: 2025-02-03T09:21:48.312Z,\n  updatedAt: 2025-02-03T09:21:48.312Z,\n  __v: 0\n}","timestamp":"2025-02-03T10:14:50.654Z"}
{"level":"info","message":"incorrect password for user with email sanket@gmail.com","timestamp":"2025-02-03T10:14:50.954Z"}
{"level":"info","message":"datbse suceessfully connected","timestamp":"2025-02-03T10:16:26.048Z"}
{"level":"info","message":"datbse suceessfully connected","timestamp":"2025-02-03T10:16:29.192Z"}
{"level":"info","message":"logging in user with email sanket@gmail.com","timestamp":"2025-02-03T10:16:33.232Z"}
{"level":"info","message":"user found {\n  _id: new ObjectId('67a08aac0e7f8cc0305778de'),\n  name: 'sanket',\n  email: 'sanket@gmail.com',\n  dob: 1999-12-31T18:30:00.000Z,\n  password: '$2b$12$HALVPptSndk.QmiiMD3.ceTAsBMHfN0nlyk6g.nEJtj8uGF5Yk/5.',\n  image: 'https://res.cloudinary.com/ddodvrq4x/image/upload/v1738574508/toDoList/users/1738574506151.jpg',\n  verified: false,\n  createdAt: 2025-02-03T09:21:48.312Z,\n  updatedAt: 2025-02-03T09:21:48.312Z,\n  __v: 0\n}","timestamp":"2025-02-03T10:16:33.300Z"}
{"level":"info","message":"incorrect password for user with email sanket@gmail.com","timestamp":"2025-02-03T10:16:33.586Z"}
{"level":"info","message":"datbse suceessfully connected","timestamp":"2025-02-03T10:17:22.978Z"}
{"level":"info","message":"logging in user with email sanket@gmail.com","timestamp":"2025-02-03T10:17:25.009Z"}
{"level":"info","message":"user found {\n  _id: new ObjectId('67a08aac0e7f8cc0305778de'),\n  name: 'sanket',\n  email: 'sanket@gmail.com',\n  dob: 1999-12-31T18:30:00.000Z,\n  password: '$2b$12$HALVPptSndk.QmiiMD3.ceTAsBMHfN0nlyk6g.nEJtj8uGF5Yk/5.',\n  image: 'https://res.cloudinary.com/ddodvrq4x/image/upload/v1738574508/toDoList/users/1738574506151.jpg',\n  verified: false,\n  createdAt: 2025-02-03T09:21:48.312Z,\n  updatedAt: 2025-02-03T09:21:48.312Z,\n  __v: 0\n}","timestamp":"2025-02-03T10:17:25.072Z"}
{"level":"info","message":"incorrect password for user with email sanket@gmail.com","timestamp":"2025-02-03T10:17:25.352Z"}
{"level":"info","message":"datbse suceessfully connected","timestamp":"2025-02-03T10:17:32.133Z"}
{"level":"info","message":"datbse suceessfully connected","timestamp":"2025-02-03T10:18:06.183Z"}
{"level":"info","message":"datbse suceessfully connected","timestamp":"2025-02-03T10:18:14.338Z"}
{"level":"info","message":"datbse suceessfully connected","timestamp":"2025-02-03T10:18:18.159Z"}
{"level":"info","message":"datbse suceessfully connected","timestamp":"2025-02-03T10:18:20.302Z"}
{"level":"info","message":"datbse suceessfully connected","timestamp":"2025-02-03T10:18:21.699Z"}
{"level":"info","message":"datbse suceessfully connected","timestamp":"2025-02-03T10:18:34.104Z"}
{"level":"info","message":"datbse suceessfully connected","timestamp":"2025-02-03T10:18:38.208Z"}
{"level":"info","message":"datbse suceessfully connected","timestamp":"2025-02-03T10:18:41.512Z"}
{"level":"info","message":"new user trying to register","timestamp":"2025-02-03T10:20:31.546Z"}
{"level":"info","message":"datbse suceessfully connected","timestamp":"2025-02-03T10:21:00.539Z"}
{"level":"info","message":"new user trying to register","timestamp":"2025-02-03T10:21:03.021Z"}
{"level":"info","message":"datbse suceessfully connected","timestamp":"2025-02-03T10:21:50.399Z"}
{"level":"info","message":"new user trying to register","timestamp":"2025-02-03T10:22:14.071Z"}
{"level":"info","message":"datbse suceessfully connected","timestamp":"2025-02-03T10:24:00.137Z"}
{"level":"info","message":"datbse suceessfully connected","timestamp":"2025-02-03T10:24:11.000Z"}
{"level":"info","message":"datbse suceessfully connected","timestamp":"2025-02-03T10:24:13.466Z"}
{"level":"info","message":"datbse suceessfully connected","timestamp":"2025-02-03T10:24:16.054Z"}
{"level":"info","message":"datbse suceessfully connected","timestamp":"2025-02-03T10:24:18.159Z"}
{"level":"info","message":"datbse suceessfully connected","timestamp":"2025-02-03T10:24:20.642Z"}
{"level":"info","message":"new user trying to register","timestamp":"2025-02-03T10:24:22.623Z"}
{"level":"info","message":"datbse suceessfully connected","timestamp":"2025-02-03T10:25:45.356Z"}
{"level":"info","message":"datbse suceessfully connected","timestamp":"2025-02-03T10:28:44.725Z"}
{"level":"info","message":"new user trying to register","timestamp":"2025-02-03T10:29:00.599Z"}
{"level":"info","message":"datbse suceessfully connected","timestamp":"2025-02-03T10:29:38.599Z"}
{"level":"info","message":"new user trying to register","timestamp":"2025-02-03T10:29:42.200Z"}
{"level":"info","message":"datbse suceessfully connected","timestamp":"2025-02-03T10:34:34.944Z"}
{"level":"info","message":"new user trying to register","timestamp":"2025-02-03T10:34:36.115Z"}
{"level":"info","message":"datbse suceessfully connected","timestamp":"2025-02-03T10:35:12.911Z"}
{"level":"info","message":"datbse suceessfully connected","timestamp":"2025-02-03T10:35:17.050Z"}
{"level":"info","message":"new user trying to register","timestamp":"2025-02-03T10:35:18.751Z"}
{"level":"info","message":"new user trying to register","timestamp":"2025-02-03T10:39:38.466Z"}
{"level":"info","message":"new user trying to register","timestamp":"2025-02-03T10:43:55.174Z"}
{"level":"info","message":"datbse suceessfully connected","timestamp":"2025-02-03T10:44:43.387Z"}
{"level":"info","message":"new user trying to register","timestamp":"2025-02-03T10:45:18.201Z"}
{"level":"info","message":"user email aniruddha@gmail.com uploaded image to cloudinaey result: [object Object]","timestamp":"2025-02-03T10:45:20.315Z"}
{"level":"info","message":"user aniruddha@gmail.com registered successfully","timestamp":"2025-02-03T10:45:20.726Z"}
{"level":"info","message":"new user trying to register","timestamp":"2025-02-03T12:54:50.544Z"}
{"level":"info","message":"user email aniruddha1@gmail.com uploaded image to cloudinaey result: [object Object]","timestamp":"2025-02-03T12:54:52.588Z"}
{"level":"info","message":"user aniruddha1@gmail.com registered successfully","timestamp":"2025-02-03T12:54:53.030Z"}
{"level":"info","message":"datbse suceessfully connected","timestamp":"2025-02-03T12:55:12.519Z"}
{"level":"info","message":"datbse suceessfully connected","timestamp":"2025-02-03T12:56:40.659Z"}
{"level":"info","message":"datbse suceessfully connected","timestamp":"2025-02-03T12:56:44.083Z"}
{"level":"info","message":"datbse suceessfully connected","timestamp":"2025-02-03T12:56:50.580Z"}
{"level":"info","message":"datbse suceessfully connected","timestamp":"2025-02-03T12:57:18.418Z"}
{"level":"info","message":"datbse suceessfully connected","timestamp":"2025-02-03T12:57:25.360Z"}
{"level":"info","message":"datbse suceessfully connected","timestamp":"2025-02-03T12:57:31.383Z"}
{"level":"info","message":"datbse suceessfully connected","timestamp":"2025-02-03T12:57:35.364Z"}
{"level":"info","message":"datbse suceessfully connected","timestamp":"2025-02-03T13:01:11.361Z"}
{"level":"info","message":"logging in user with email sanket@gmail.com","timestamp":"2025-02-03T13:01:15.364Z"}
{"level":"info","message":"user found {\n  _id: new ObjectId('67a08aac0e7f8cc0305778de'),\n  name: 'sanket',\n  email: 'sanket@gmail.com',\n  dob: 1999-12-31T18:30:00.000Z,\n  password: '$2b$12$HALVPptSndk.QmiiMD3.ceTAsBMHfN0nlyk6g.nEJtj8uGF5Yk/5.',\n  image: 'https://res.cloudinary.com/ddodvrq4x/image/upload/v1738574508/toDoList/users/1738574506151.jpg',\n  verified: false,\n  createdAt: 2025-02-03T09:21:48.312Z,\n  updatedAt: 2025-02-03T09:21:48.312Z,\n  __v: 0\n}","timestamp":"2025-02-03T13:01:15.433Z"}
{"level":"info","message":"datbse suceessfully connected","timestamp":"2025-02-03T13:01:53.235Z"}
{"level":"info","message":"datbse suceessfully connected","timestamp":"2025-02-03T13:01:59.246Z"}
{"level":"info","message":"datbse suceessfully connected","timestamp":"2025-02-03T13:02:03.144Z"}
{"level":"info","message":"datbse suceessfully connected","timestamp":"2025-02-03T13:02:06.544Z"}
{"level":"info","message":"datbse suceessfully connected","timestamp":"2025-02-03T13:02:09.777Z"}
{"level":"info","message":"datbse suceessfully connected","timestamp":"2025-02-03T13:02:12.360Z"}
{"level":"info","message":"datbse suceessfully connected","timestamp":"2025-02-03T13:02:16.824Z"}
{"level":"info","message":"datbse suceessfully connected","timestamp":"2025-02-03T13:02:18.957Z"}
{"level":"info","message":"datbse suceessfully connected","timestamp":"2025-02-03T13:02:28.646Z"}
{"level":"info","message":"datbse suceessfully connected","timestamp":"2025-02-03T13:02:51.683Z"}
{"level":"info","message":"datbse suceessfully connected","timestamp":"2025-02-03T13:03:08.479Z"}
{"level":"info","message":"datbse suceessfully connected","timestamp":"2025-02-03T13:03:10.629Z"}
{"level":"info","message":"datbse suceessfully connected","timestamp":"2025-02-03T13:03:23.648Z"}
{"level":"info","message":"datbse suceessfully connected","timestamp":"2025-02-03T13:03:26.531Z"}
{"level":"info","message":"datbse suceessfully connected","timestamp":"2025-02-03T13:03:30.778Z"}
{"level":"info","message":"datbse suceessfully connected","timestamp":"2025-02-03T13:03:37.493Z"}
{"level":"info","message":"datbse suceessfully connected","timestamp":"2025-02-03T13:03:44.402Z"}
{"level":"info","message":"datbse suceessfully connected","timestamp":"2025-02-03T13:03:50.014Z"}
{"level":"info","message":"datbse suceessfully connected","timestamp":"2025-02-03T13:03:52.438Z"}
{"level":"info","message":"datbse suceessfully connected","timestamp":"2025-02-03T13:03:53.841Z"}
{"level":"info","message":"datbse suceessfully connected","timestamp":"2025-02-03T13:03:56.448Z"}
{"level":"info","message":"datbse suceessfully connected","timestamp":"2025-02-03T13:04:01.752Z"}
{"level":"info","message":"datbse suceessfully connected","timestamp":"2025-02-03T13:04:05.373Z"}
{"level":"info","message":"datbse suceessfully connected","timestamp":"2025-02-03T13:04:08.077Z"}
{"level":"info","message":"datbse suceessfully connected","timestamp":"2025-02-03T13:04:11.440Z"}
{"level":"info","message":"datbse suceessfully connected","timestamp":"2025-02-03T13:04:18.168Z"}
{"level":"info","message":"datbse suceessfully connected","timestamp":"2025-02-03T13:04:25.935Z"}
{"level":"info","message":"datbse suceessfully connected","timestamp":"2025-02-03T13:04:46.205Z"}
{"level":"info","message":"datbse suceessfully connected","timestamp":"2025-02-03T13:04:52.631Z"}
{"level":"info","message":"datbse suceessfully connected","timestamp":"2025-02-03T13:04:58.275Z"}
{"level":"info","message":"datbse suceessfully connected","timestamp":"2025-02-03T13:05:08.958Z"}
{"level":"info","message":"datbse suceessfully connected","timestamp":"2025-02-03T13:05:43.418Z"}
{"level":"info","message":"datbse suceessfully connected","timestamp":"2025-02-03T13:05:57.016Z"}
{"level":"info","message":"datbse suceessfully connected","timestamp":"2025-02-03T13:06:12.276Z"}
{"level":"info","message":"datbse suceessfully connected","timestamp":"2025-02-03T13:07:07.270Z"}
{"level":"info","message":"datbse suceessfully connected","timestamp":"2025-02-03T13:08:28.995Z"}
{"level":"info","message":"datbse suceessfully connected","timestamp":"2025-02-03T13:08:32.276Z"}
{"level":"info","message":"datbse suceessfully connected","timestamp":"2025-02-03T13:08:35.893Z"}
{"level":"info","message":"datbse suceessfully connected","timestamp":"2025-02-03T13:08:41.233Z"}
{"level":"info","message":"datbse suceessfully connected","timestamp":"2025-02-03T13:08:49.289Z"}
{"level":"info","message":"datbse suceessfully connected","timestamp":"2025-02-03T13:08:56.163Z"}
{"level":"info","message":"datbse suceessfully connected","timestamp":"2025-02-03T13:12:09.237Z"}
{"level":"info","message":"datbse suceessfully connected","timestamp":"2025-02-03T13:14:17.620Z"}
{"level":"info","message":"datbse suceessfully connected","timestamp":"2025-02-03T13:14:29.992Z"}
{"level":"info","message":"datbse suceessfully connected","timestamp":"2025-02-03T13:14:31.929Z"}
{"level":"info","message":"datbse suceessfully connected","timestamp":"2025-02-03T13:14:51.719Z"}
{"level":"info","message":"datbse suceessfully connected","timestamp":"2025-02-03T13:15:25.378Z"}
{"level":"info","message":"datbse suceessfully connected","timestamp":"2025-02-03T13:15:33.179Z"}
{"level":"info","message":"datbse suceessfully connected","timestamp":"2025-02-03T13:15:48.703Z"}
{"level":"info","message":"datbse suceessfully connected","timestamp":"2025-02-03T13:15:53.232Z"}
{"level":"info","message":"datbse suceessfully connected","timestamp":"2025-02-03T13:16:24.768Z"}
{"level":"info","message":"datbse suceessfully connected","timestamp":"2025-02-03T13:16:33.156Z"}
{"level":"info","message":"datbse suceessfully connected","timestamp":"2025-02-03T13:16:35.435Z"}
{"level":"info","message":"datbse suceessfully connected","timestamp":"2025-02-03T13:19:37.595Z"}
{"level":"info","message":"datbse suceessfully connected","timestamp":"2025-02-03T13:19:50.943Z"}
{"level":"info","message":"datbse suceessfully connected","timestamp":"2025-02-03T13:19:53.070Z"}
{"level":"info","message":"datbse suceessfully connected","timestamp":"2025-02-03T13:20:10.600Z"}
{"level":"info","message":"datbse suceessfully connected","timestamp":"2025-02-03T13:20:15.770Z"}
{"level":"info","message":"datbse suceessfully connected","timestamp":"2025-02-03T13:20:18.647Z"}
{"level":"info","message":"datbse suceessfully connected","timestamp":"2025-02-03T13:20:21.304Z"}
{"level":"info","message":"datbse suceessfully connected","timestamp":"2025-02-03T13:20:28.554Z"}
{"level":"info","message":"datbse suceessfully connected","timestamp":"2025-02-03T13:20:34.138Z"}
{"level":"info","message":"datbse suceessfully connected","timestamp":"2025-02-03T13:20:36.969Z"}
{"level":"info","message":"datbse suceessfully connected","timestamp":"2025-02-03T13:20:51.047Z"}
{"level":"info","message":"datbse suceessfully connected","timestamp":"2025-02-03T13:20:59.488Z"}
{"level":"info","message":"datbse suceessfully connected","timestamp":"2025-02-03T13:21:08.547Z"}
{"level":"info","message":"datbse suceessfully connected","timestamp":"2025-02-03T13:21:14.009Z"}
{"level":"info","message":"logging in user with email sanket@gmail.com","timestamp":"2025-02-03T13:21:35.516Z"}
{"level":"info","message":"user found {\n  _id: new ObjectId('67a08aac0e7f8cc0305778de'),\n  name: 'sanket',\n  email: 'sanket@gmail.com',\n  dob: 1999-12-31T18:30:00.000Z,\n  password: '$2b$12$HALVPptSndk.QmiiMD3.ceTAsBMHfN0nlyk6g.nEJtj8uGF5Yk/5.',\n  image: 'https://res.cloudinary.com/ddodvrq4x/image/upload/v1738574508/toDoList/users/1738574506151.jpg',\n  verified: false,\n  createdAt: 2025-02-03T09:21:48.312Z,\n  updatedAt: 2025-02-03T09:21:48.312Z,\n  __v: 0\n}","timestamp":"2025-02-03T13:21:35.592Z"}
{"level":"info","message":"datbse suceessfully connected","timestamp":"2025-02-03T13:21:50.814Z"}
{"level":"info","message":"datbse suceessfully connected","timestamp":"2025-02-03T13:22:44.349Z"}
